[0.677s] Invoking command in '/home/aditya/hydrakon_ws/src/lidar_cluster': PYTHONPATH=/home/aditya/hydrakon_ws/src/lidar_cluster/build/lidar_cluster/prefix_override:/usr/lib/python3/dist-packages/colcon_core/task/python/colcon_distutils_commands:/home/aditya/hydrakon_ws/src/lidar_cluster/install/lidar_cluster/lib/python3.10/site-packages:${PYTHONPATH} /usr/bin/python3 -W ignore:setup.py install is deprecated -W ignore:easy_install command is deprecated setup.py egg_info --egg-base build/lidar_cluster build --build-base /home/aditya/hydrakon_ws/src/lidar_cluster/build/lidar_cluster/build install --record /home/aditya/hydrakon_ws/src/lidar_cluster/build/lidar_cluster/install.log --single-version-externally-managed install_data
[0.905s] running egg_info
[0.905s] creating build/lidar_cluster/lidar_cluster.egg-info
[0.905s] writing build/lidar_cluster/lidar_cluster.egg-info/PKG-INFO
[0.906s] writing dependency_links to build/lidar_cluster/lidar_cluster.egg-info/dependency_links.txt
[0.906s] writing entry points to build/lidar_cluster/lidar_cluster.egg-info/entry_points.txt
[0.906s] writing requirements to build/lidar_cluster/lidar_cluster.egg-info/requires.txt
[0.906s] writing top-level names to build/lidar_cluster/lidar_cluster.egg-info/top_level.txt
[0.906s] writing manifest file 'build/lidar_cluster/lidar_cluster.egg-info/SOURCES.txt'
[0.906s] reading manifest file 'build/lidar_cluster/lidar_cluster.egg-info/SOURCES.txt'
[0.907s] writing manifest file 'build/lidar_cluster/lidar_cluster.egg-info/SOURCES.txt'
[0.907s] running build
[0.907s] running install
[0.908s] running install_data
[0.908s] creating /home/aditya/hydrakon_ws/src/lidar_cluster/install/lidar_cluster/share/ament_index
[0.908s] creating /home/aditya/hydrakon_ws/src/lidar_cluster/install/lidar_cluster/share/ament_index/resource_index
[0.908s] creating /home/aditya/hydrakon_ws/src/lidar_cluster/install/lidar_cluster/share/ament_index/resource_index/packages
[0.908s] copying resource/lidar_cluster -> /home/aditya/hydrakon_ws/src/lidar_cluster/install/lidar_cluster/share/ament_index/resource_index/packages
[0.908s] copying package.xml -> /home/aditya/hydrakon_ws/src/lidar_cluster/install/lidar_cluster/share/lidar_cluster
[0.908s] running install_egg_info
[0.911s] Copying build/lidar_cluster/lidar_cluster.egg-info to /home/aditya/hydrakon_ws/src/lidar_cluster/install/lidar_cluster/lib/python3.10/site-packages/lidar_cluster-0.0.0-py3.10.egg-info
[0.912s] running install_scripts
[0.934s] Installing lidar_cluster_node script to /home/aditya/hydrakon_ws/src/lidar_cluster/install/lidar_cluster/lib/lidar_cluster
[0.935s] writing list of installed files to '/home/aditya/hydrakon_ws/src/lidar_cluster/build/lidar_cluster/install.log'
[0.964s] Invoked command in '/home/aditya/hydrakon_ws/src/lidar_cluster' returned '0': PYTHONPATH=/home/aditya/hydrakon_ws/src/lidar_cluster/build/lidar_cluster/prefix_override:/usr/lib/python3/dist-packages/colcon_core/task/python/colcon_distutils_commands:/home/aditya/hydrakon_ws/src/lidar_cluster/install/lidar_cluster/lib/python3.10/site-packages:${PYTHONPATH} /usr/bin/python3 -W ignore:setup.py install is deprecated -W ignore:easy_install command is deprecated setup.py egg_info --egg-base build/lidar_cluster build --build-base /home/aditya/hydrakon_ws/src/lidar_cluster/build/lidar_cluster/build install --record /home/aditya/hydrakon_ws/src/lidar_cluster/build/lidar_cluster/install.log --single-version-externally-managed install_data
